<?xml version="1.0" encoding="UTF-8"?>
<!-- Generated by org.testng.reporters.JUnitReportReporter -->
<testsuite hostname="Tech-Nayan" failures="0" tests="2" name="neoStoxTestClass.ValidateNeoStoxUserNameUsingPropertyFile" time="35.732" errors="0" timestamp="30 Jan 2023 17:04:09 GMT" skipped="0">
  <testcase classname="neoStoxTestClass.ValidateNeoStoxUserNameUsingPropertyFile" name="validateACBalance" time="15.474"/>
  <testcase classname="neoStoxTestClass.ValidateNeoStoxUserNameUsingPropertyFile" name="validateUserName" time="20.258"/>
</testsuite> <!-- neoStoxTestClass.ValidateNeoStoxUserNameUsingPropertyFile -->
