<?xml version="1.0" encoding="UTF-8"?>
<!-- Generated by org.testng.reporters.JUnitReportReporter -->
<testsuite hostname="Tech-Nayan" failures="0" tests="2" name="neoStoxTestClass.ValidateNeoStoxUserNameUsingPropertyFile" time="34.251" errors="0" timestamp="14 Jan 2023 07:47:19 GMT" skipped="0">
  <testcase classname="neoStoxTestClass.ValidateNeoStoxUserNameUsingPropertyFile" name="validateACBalance" time="14.422"/>
  <testcase classname="neoStoxTestClass.ValidateNeoStoxUserNameUsingPropertyFile" name="validateUserName" time="19.829"/>
</testsuite> <!-- neoStoxTestClass.ValidateNeoStoxUserNameUsingPropertyFile -->
